#
# There is insufficient memory for the Java Runtime Environment to continue.
# Native memory allocation (malloc) failed to allocate 1188816 bytes for Chunk::new
# Possible reasons:
#   The system is out of physical RAM or swap space
#   The process is running with CompressedOops enabled, and the Java Heap may be blocking the growth of the native heap
# Possible solutions:
#   Reduce memory load on the system
#   Increase physical memory or swap space
#   Check if swap backing store is full
#   Decrease Java heap size (-Xmx/-Xms)
#   Decrease number of Java threads
#   Decrease Java thread stack sizes (-Xss)
#   Set larger code cache with -XX:ReservedCodeCacheSize=
#   JVM is running with Unscaled Compressed Oops mode in which the Java heap is
#     placed in the first 4GB address space. The Java Heap base address is the
#     maximum limit for the native heap growth. Please use -XX:HeapBaseMinAddress
#     to set the Java Heap base and to place the Java Heap above 4GB virtual address.
# This output file may be truncated or incomplete.
#
#  Out of Memory Error (./src/hotspot/share/memory/arena.cpp:197), pid=16976, tid=19984
#
# JRE version: OpenJDK Runtime Environment (11.0.11+9) (build 11.0.11+9-b60-7590822)
# Java VM: OpenJDK 64-Bit Server VM (11.0.11+9-b60-7590822, mixed mode, tiered, compressed oops, g1 gc, windows-amd64)
# No core dump will be written. Minidumps are not enabled by default on client versions of Windows
#

---------------  S U M M A R Y ------------

Command Line: --add-opens=java.base/java.util=ALL-UNNAMED --add-opens=java.base/java.lang=ALL-UNNAMED --add-opens=java.base/java.lang.invoke=ALL-UNNAMED --add-opens=java.base/java.util=ALL-UNNAMED --add-opens=java.prefs/java.util.prefs=ALL-UNNAMED --add-opens=java.prefs/java.util.prefs=ALL-UNNAMED --add-opens=java.base/java.nio.charset=ALL-UNNAMED --add-opens=java.base/java.net=ALL-UNNAMED --add-opens=java.base/java.util.concurrent.atomic=ALL-UNNAMED -Xmx2048m -Dfile.encoding=UTF-8 -Duser.country=GB -Duser.language=en -Duser.variant org.gradle.launcher.daemon.bootstrap.GradleDaemon 7.2

Host: AMD Ryzen 7 3700U with Radeon Vega Mobile Gfx  , 8 cores, 6G,  Windows 10 , 64 bit Build 19041 (10.0.19041.1706)
Time: Wed May 18 15:36:45 2022 GMT Summer Time elapsed time: 18.530766 seconds (0d 0h 0m 18s)

---------------  T H R E A D  ---------------

Current thread (0x000001d5e2142800):  JavaThread "C2 CompilerThread1" daemon [_thread_in_native, id=19984, stack(0x000000b480400000,0x000000b480500000)]


Current CompileTask:
C2:  18530 6644 %     4       org.gradle.internal.instantiation.generator.AbstractClassGenerator::inspectType @ 107 (560 bytes)

Stack: [0x000000b480400000,0x000000b480500000]
Native frames: (J=compiled Java code, j=interpreted, Vv=VM code, C=native code)
V  [jvm.dll+0x5f214a]
V  [jvm.dll+0x726fb5]
V  [jvm.dll+0x7285cd]
V  [jvm.dll+0x728c83]
V  [jvm.dll+0x243278]
V  [jvm.dll+0xbc53c]
V  [jvm.dll+0xbca3c]
V  [jvm.dll+0x353e7d]
V  [jvm.dll+0x19875c]
V  [jvm.dll+0x1fc2ee]
V  [jvm.dll+0x1fb3d4]
V  [jvm.dll+0x183d6c]
V  [jvm.dll+0x209a57]
V  [jvm.dll+0x2082a1]
V  [jvm.dll+0x6ef58f]
V  [jvm.dll+0x6e80b5]
V  [jvm.dll+0x5f1036]
C  [ucrtbase.dll+0x21bb2]
C  [KERNEL32.DLL+0x17034]
C  [ntdll.dll+0x52651]


---------------  P R O C E S S  ---------------

Threads class SMR info:
_java_thread_list=0x000001d5e0727990, length=123, elements={
0x000001d5c336b800, 0x000001d5dd7e0800, 0x000001d5dd7e9800, 0x000001d5de173800,
0x000001d5dd7fe000, 0x000001d5dd801800, 0x000001d5dd80e800, 0x000001d5dd813000,
0x000001d5dd81c800, 0x000001d5de2ba000, 0x000001d5dfad4000, 0x000001d5df1fa800,
0x000001d5dedee000, 0x000001d5e03c2000, 0x000001d5df8ee800, 0x000001d5e0755800,
0x000001d5dffcb000, 0x000001d5e19ee800, 0x000001d5e02b5000, 0x000001d5e0240000,
0x000001d5e023e000, 0x000001d5e023f800, 0x000001d5e023e800, 0x000001d5df247000,
0x000001d5df249000, 0x000001d5df24a000, 0x000001d5df247800, 0x000001d5df24b000,
0x000001d5df248800, 0x000001d5df245000, 0x000001d5df24b800, 0x000001d5df246000,
0x000001d5df251800, 0x000001d5df24d800, 0x000001d5df24f000, 0x000001d5df24e000,
0x000001d5df24f800, 0x000001d5df250800, 0x000001d5df24c800, 0x000001d5e2142800,
0x000001d5df253000, 0x000001d5e34f4800, 0x000001d5e34f3000, 0x000001d5e34f4000,
0x000001d5e34f5800, 0x000001d5e34f1800, 0x000001d5e34f6000, 0x000001d5e34f2000,
0x000001d5e34f8800, 0x000001d5e34f7000, 0x000001d5e34f9800, 0x000001d5e34fa800,
0x000001d5e34fb000, 0x000001d5e34fc000, 0x000001d5e34fd000, 0x000001d5e34fd800,
0x000001d5e34f8000, 0x000001d5e34fe800, 0x000001d5e34ff000, 0x000001d5e3500000,
0x000001d5e443c000, 0x000001d5e4440000, 0x000001d5e4441000, 0x000001d5e443d800,
0x000001d5e443e800, 0x000001d5e443f000, 0x000001d5e4441800, 0x000001d5e4442800,
0x000001d5e443c800, 0x000001d5e4443800, 0x000001d5e4445800, 0x000001d5e4444000,
0x000001d5e4446800, 0x000001d5e4445000, 0x000001d5e4447800, 0x000001d5e444a000,
0x000001d5e4448000, 0x000001d5e444a800, 0x000001d5e4449000, 0x000001d5e362c000,
0x000001d5e362a800, 0x000001d5e362d000, 0x000001d5e3628000, 0x000001d5e362b800,
0x000001d5e3627000, 0x000001d5e362d800, 0x000001d5e3629800, 0x000001d5e362e800,
0x000001d5e3629000, 0x000001d5e3631000, 0x000001d5e362f800, 0x000001d5e3635000,
0x000001d5e3633800, 0x000001d5e3636000, 0x000001d5e3632800, 0x000001d5e3630000,
0x000001d5e3632000, 0x000001d5e3634800, 0x000001d5e0ccc000, 0x000001d5e0ccb000,
0x000001d5e0ccc800, 0x000001d5e0cd0000, 0x000001d5e0ccd800, 0x000001d5e0cce800,
0x000001d5e0cca800, 0x000001d5e0cd1000, 0x000001d5e0cd1800, 0x000001d5e0cd5000,
0x000001d5e0ccf000, 0x000001d5e0cd6800, 0x000001d5e0cd4000, 0x000001d5e0cd5800,
0x000001d5e0cd2800, 0x000001d5e0cd7800, 0x000001d5e0cd9000, 0x000001d5e0cd3800,
0x000001d5e0cd8000, 0x000001d5e40c4000, 0x000001d5e40c5800, 0x000001d5e40c5000,
0x000001d5e40c6800, 0x000001d5e40c7000, 0x000001d5e40c8000
}

Java Threads: ( => current thread )
  0x000001d5c336b800 JavaThread "main" [_thread_blocked, id=21380, stack(0x000000b4fdd00000,0x000000b4fde00000)]
  0x000001d5dd7e0800 JavaThread "Reference Handler" daemon [_thread_blocked, id=12028, stack(0x000000b4fe400000,0x000000b4fe500000)]
  0x000001d5dd7e9800 JavaThread "Finalizer" daemon [_thread_blocked, id=16552, stack(0x000000b4fe500000,0x000000b4fe600000)]
  0x000001d5de173800 JavaThread "Signal Dispatcher" daemon [_thread_blocked, id=21796, stack(0x000000b4fe600000,0x000000b4fe700000)]
  0x000001d5dd7fe000 JavaThread "Attach Listener" daemon [_thread_blocked, id=9676, stack(0x000000b4fe700000,0x000000b4fe800000)]
  0x000001d5dd801800 JavaThread "Service Thread" daemon [_thread_blocked, id=17524, stack(0x000000b4fe800000,0x000000b4fe900000)]
  0x000001d5dd80e800 JavaThread "C2 CompilerThread0" daemon [_thread_in_vm, id=12108, stack(0x000000b4fe900000,0x000000b4fea00000)]
  0x000001d5dd813000 JavaThread "C1 CompilerThread0" daemon [_thread_blocked, id=19836, stack(0x000000b4fea00000,0x000000b4feb00000)]
  0x000001d5dd81c800 JavaThread "Sweeper thread" daemon [_thread_blocked, id=11732, stack(0x000000b4feb00000,0x000000b4fec00000)]
  0x000001d5de2ba000 JavaThread "Common-Cleaner" daemon [_thread_blocked, id=7480, stack(0x000000b4fec00000,0x000000b4fed00000)]
  0x000001d5dfad4000 JavaThread "Daemon health stats" [_thread_blocked, id=11780, stack(0x000000b4ff000000,0x000000b4ff100000)]
  0x000001d5df1fa800 JavaThread "Incoming local TCP Connector on port 52342" [_thread_in_native, id=22516, stack(0x000000b4fee00000,0x000000b4fef00000)]
  0x000001d5dedee000 JavaThread "Daemon periodic checks" [_thread_blocked, id=18688, stack(0x000000b4ff100000,0x000000b4ff200000)]
  0x000001d5e03c2000 JavaThread "Daemon" [_thread_blocked, id=16532, stack(0x000000b4ff200000,0x000000b4ff300000)]
  0x000001d5df8ee800 JavaThread "Handler for socket connection from /127.0.0.1:52342 to /127.0.0.1:52343" [_thread_in_native, id=22076, stack(0x000000b4ff300000,0x000000b4ff400000)]
  0x000001d5e0755800 JavaThread "Cancel handler" [_thread_blocked, id=7112, stack(0x000000b4ff400000,0x000000b4ff500000)]
  0x000001d5dffcb000 JavaThread "Daemon worker" [_thread_in_vm, id=6472, stack(0x000000b4ff500000,0x000000b4ff600000)]
  0x000001d5e19ee800 JavaThread "Asynchronous log dispatcher for DefaultDaemonConnection: socket connection from /127.0.0.1:52342 to /127.0.0.1:52343" [_thread_blocked, id=18188, stack(0x000000b4ffd00000,0x000000b4ffe00000)]
  0x000001d5e02b5000 JavaThread "Stdin handler" [_thread_blocked, id=21428, stack(0x000000b4ffe00000,0x000000b4fff00000)]
  0x000001d5e0240000 JavaThread "Daemon client event forwarder" [_thread_blocked, id=10960, stack(0x000000b4fff00000,0x000000b500000000)]
  0x000001d5e023e000 JavaThread "Cache worker for journal cache (C:\Users\rafae\.gradle\caches\journal-1)" [_thread_blocked, id=14528, stack(0x000000b480000000,0x000000b480100000)]
  0x000001d5e023f800 JavaThread "File lock request listener" [_thread_in_native, id=17276, stack(0x000000b480100000,0x000000b480200000)]
  0x000001d5e023e800 JavaThread "Cache worker for file hash cache (C:\Users\rafae\.gradle\caches\7.2\fileHashes)" [_thread_blocked, id=6640, stack(0x000000b480300000,0x000000b480400000)]
  0x000001d5df247000 JavaThread "Cache worker for file hash cache (C:\Users\rafae\Documents\CM\tp1-g_guidegee\ProjetoCM\.gradle\7.2\fileHashes)" [_thread_blocked, id=4636, stack(0x000000b480500000,0x000000b480600000)]
  0x000001d5df249000 JavaThread "File watcher server" daemon [_thread_in_native, id=16884, stack(0x000000b480600000,0x000000b480700000)]
  0x000001d5df24a000 JavaThread "File watcher consumer" daemon [_thread_blocked, id=10968, stack(0x000000b480700000,0x000000b480800000)]
  0x000001d5df247800 JavaThread "jar transforms" [_thread_blocked, id=12708, stack(0x000000b480800000,0x000000b480900000)]
  0x000001d5df24b000 JavaThread "jar transforms Thread 2" [_thread_blocked, id=16416, stack(0x000000b480900000,0x000000b480a00000)]
  0x000001d5df248800 JavaThread "jar transforms Thread 3" [_thread_blocked, id=9240, stack(0x000000b480a00000,0x000000b480b00000)]
  0x000001d5df245000 JavaThread "jar transforms Thread 4" [_thread_blocked, id=3804, stack(0x000000b480b00000,0x000000b480c00000)]
  0x000001d5df24b800 JavaThread "jar transforms Thread 5" [_thread_blocked, id=14932, stack(0x000000b480c00000,0x000000b480d00000)]
  0x000001d5df246000 JavaThread "jar transforms Thread 6" [_thread_blocked, id=7528, stack(0x000000b480d00000,0x000000b480e00000)]
  0x000001d5df251800 JavaThread "jar transforms Thread 7" [_thread_blocked, id=6388, stack(0x000000b480e00000,0x000000b480f00000)]
  0x000001d5df24d800 JavaThread "jar transforms Thread 8" [_thread_blocked, id=16780, stack(0x000000b480f00000,0x000000b481000000)]
  0x000001d5df24f000 JavaThread "Cache worker for checksums cache (C:\Users\rafae\Documents\CM\tp1-g_guidegee\ProjetoCM\.gradle\checksums)" [_thread_blocked, id=20144, stack(0x000000b481000000,0x000000b481100000)]
  0x000001d5df24e000 JavaThread "Cache worker for cache directory md-supplier (C:\Users\rafae\.gradle\caches\7.2\md-supplier)" [_thread_blocked, id=22288, stack(0x000000b481100000,0x000000b481200000)]
  0x000001d5df24f800 JavaThread "Cache worker for cache directory md-rule (C:\Users\rafae\.gradle\caches\7.2\md-rule)" [_thread_blocked, id=9112, stack(0x000000b481200000,0x000000b481300000)]
  0x000001d5df250800 JavaThread "Cache worker for execution history cache (C:\Users\rafae\.gradle\caches\7.2\executionHistory)" [_thread_blocked, id=2440, stack(0x000000b481300000,0x000000b481400000)]
  0x000001d5df24c800 JavaThread "Cache worker for file content cache (C:\Users\rafae\.gradle\caches\7.2\fileContent)" [_thread_blocked, id=20808, stack(0x000000b481400000,0x000000b481500000)]
=>0x000001d5e2142800 JavaThread "C2 CompilerThread1" daemon [_thread_in_native, id=19984, stack(0x000000b480400000,0x000000b480500000)]
  0x000001d5df253000 JavaThread "Cache worker for dependencies-accessors (C:\Users\rafae\Documents\CM\tp1-g_guidegee\ProjetoCM\.gradle\7.2\dependencies-accessors)" [_thread_blocked, id=20640, stack(0x000000b481500000,0x000000b481600000)]
  0x000001d5e34f4800 JavaThread "Cache worker for Build Output Cleanup Cache (C:\Users\rafae\Documents\CM\tp1-g_guidegee\ProjetoCM\.gradle\buildOutputCleanup)" [_thread_blocked, id=16784, stack(0x000000b481600000,0x000000b481700000)]
  0x000001d5e34f3000 JavaThread "Unconstrained build operations" [_thread_blocked, id=9632, stack(0x000000b481700000,0x000000b481800000)]
  0x000001d5e34f4000 JavaThread "Unconstrained build operations Thread 2" [_thread_blocked, id=20820, stack(0x000000b481800000,0x000000b481900000)]
  0x000001d5e34f5800 JavaThread "Unconstrained build operations Thread 3" [_thread_blocked, id=2288, stack(0x000000b481900000,0x000000b481a00000)]
  0x000001d5e34f1800 JavaThread "Unconstrained build operations Thread 4" [_thread_blocked, id=17552, stack(0x000000b481a00000,0x000000b481b00000)]
  0x000001d5e34f6000 JavaThread "Unconstrained build operations Thread 5" [_thread_blocked, id=6760, stack(0x000000b481b00000,0x000000b481c00000)]
  0x000001d5e34f2000 JavaThread "Unconstrained build operations Thread 6" [_thread_blocked, id=16512, stack(0x000000b481c00000,0x000000b481d00000)]
  0x000001d5e34f8800 JavaThread "Unconstrained build operations Thread 7" [_thread_blocked, id=11680, stack(0x000000b481d00000,0x000000b481e00000)]
  0x000001d5e34f7000 JavaThread "Unconstrained build operations Thread 8" [_thread_blocked, id=17156, stack(0x000000b481e00000,0x000000b481f00000)]
  0x000001d5e34f9800 JavaThread "Unconstrained build operations Thread 9" [_thread_blocked, id=19912, stack(0x000000b481f00000,0x000000b482000000)]
  0x000001d5e34fa800 JavaThread "Unconstrained build operations Thread 10" [_thread_blocked, id=1992, stack(0x000000b482000000,0x000000b482100000)]
  0x000001d5e34fb000 JavaThread "Unconstrained build operations Thread 11" [_thread_blocked, id=22428, stack(0x000000b482100000,0x000000b482200000)]
  0x000001d5e34fc000 JavaThread "Unconstrained build operations Thread 12" [_thread_blocked, id=13760, stack(0x000000b482200000,0x000000b482300000)]
  0x000001d5e34fd000 JavaThread "Unconstrained build operations Thread 13" [_thread_blocked, id=1376, stack(0x000000b482300000,0x000000b482400000)]
  0x000001d5e34fd800 JavaThread "Unconstrained build operations Thread 14" [_thread_blocked, id=2684, stack(0x000000b482400000,0x000000b482500000)]
  0x000001d5e34f8000 JavaThread "Unconstrained build operations Thread 15" [_thread_blocked, id=21420, stack(0x000000b482500000,0x000000b482600000)]
  0x000001d5e34fe800 JavaThread "Unconstrained build operations Thread 16" [_thread_blocked, id=4892, stack(0x000000b482600000,0x000000b482700000)]
  0x000001d5e34ff000 JavaThread "Unconstrained build operations Thread 17" [_thread_blocked, id=21100, stack(0x000000b482700000,0x000000b482800000)]
  0x000001d5e3500000 JavaThread "Unconstrained build operations Thread 18" [_thread_blocked, id=820, stack(0x000000b482800000,0x000000b482900000)]
  0x000001d5e443c000 JavaThread "Unconstrained build operations Thread 19" [_thread_blocked, id=18308, stack(0x000000b482900000,0x000000b482a00000)]
  0x000001d5e4440000 JavaThread "Unconstrained build operations Thread 20" [_thread_blocked, id=12004, stack(0x000000b482a00000,0x000000b482b00000)]
  0x000001d5e4441000 JavaThread "Unconstrained build operations Thread 21" [_thread_blocked, id=2368, stack(0x000000b482b00000,0x000000b482c00000)]
  0x000001d5e443d800 JavaThread "Unconstrained build operations Thread 22" [_thread_blocked, id=1652, stack(0x000000b482c00000,0x000000b482d00000)]
  0x000001d5e443e800 JavaThread "Unconstrained build operations Thread 23" [_thread_blocked, id=628, stack(0x000000b482d00000,0x000000b482e00000)]
  0x000001d5e443f000 JavaThread "Unconstrained build operations Thread 24" [_thread_blocked, id=7864, stack(0x000000b482e00000,0x000000b482f00000)]
  0x000001d5e4441800 JavaThread "Unconstrained build operations Thread 25" [_thread_blocked, id=22452, stack(0x000000b482f00000,0x000000b483000000)]
  0x000001d5e4442800 JavaThread "Unconstrained build operations Thread 26" [_thread_blocked, id=10660, stack(0x000000b483000000,0x000000b483100000)]
  0x000001d5e443c800 JavaThread "Unconstrained build operations Thread 27" [_thread_blocked, id=20332, stack(0x000000b483100000,0x000000b483200000)]
  0x000001d5e4443800 JavaThread "Unconstrained build operations Thread 28" [_thread_blocked, id=4524, stack(0x000000b483200000,0x000000b483300000)]
  0x000001d5e4445800 JavaThread "Unconstrained build operations Thread 29" [_thread_blocked, id=17944, stack(0x000000b483300000,0x000000b483400000)]
  0x000001d5e4444000 JavaThread "Unconstrained build operations Thread 30" [_thread_blocked, id=3168, stack(0x000000b483400000,0x000000b483500000)]
  0x000001d5e4446800 JavaThread "Unconstrained build operations Thread 31" [_thread_blocked, id=21188, stack(0x000000b483500000,0x000000b483600000)]
  0x000001d5e4445000 JavaThread "Unconstrained build operations Thread 32" [_thread_blocked, id=20068, stack(0x000000b483600000,0x000000b483700000)]
  0x000001d5e4447800 JavaThread "Unconstrained build operations Thread 33" [_thread_blocked, id=19648, stack(0x000000b483700000,0x000000b483800000)]
  0x000001d5e444a000 JavaThread "Unconstrained build operations Thread 34" [_thread_blocked, id=3960, stack(0x000000b483800000,0x000000b483900000)]
  0x000001d5e4448000 JavaThread "Unconstrained build operations Thread 35" [_thread_blocked, id=16348, stack(0x000000b483900000,0x000000b483a00000)]
  0x000001d5e444a800 JavaThread "Unconstrained build operations Thread 36" [_thread_blocked, id=17128, stack(0x000000b483a00000,0x000000b483b00000)]
  0x000001d5e4449000 JavaThread "Unconstrained build operations Thread 37" [_thread_blocked, id=17112, stack(0x000000b483b00000,0x000000b483c00000)]
  0x000001d5e362c000 JavaThread "Unconstrained build operations Thread 38" [_thread_blocked, id=13432, stack(0x000000b483c00000,0x000000b483d00000)]
  0x000001d5e362a800 JavaThread "Unconstrained build operations Thread 39" [_thread_blocked, id=648, stack(0x000000b483d00000,0x000000b483e00000)]
  0x000001d5e362d000 JavaThread "Unconstrained build operations Thread 40" [_thread_blocked, id=19556, stack(0x000000b483e00000,0x000000b483f00000)]
  0x000001d5e3628000 JavaThread "Unconstrained build operations Thread 41" [_thread_blocked, id=10040, stack(0x000000b483f00000,0x000000b484000000)]
  0x000001d5e362b800 JavaThread "Unconstrained build operations Thread 42" [_thread_blocked, id=10692, stack(0x000000b484000000,0x000000b484100000)]
  0x000001d5e3627000 JavaThread "Unconstrained build operations Thread 43" [_thread_blocked, id=18696, stack(0x000000b484100000,0x000000b484200000)]
  0x000001d5e362d800 JavaThread "Unconstrained build operations Thread 44" [_thread_blocked, id=8596, stack(0x000000b484200000,0x000000b484300000)]
  0x000001d5e3629800 JavaThread "Unconstrained build operations Thread 45" [_thread_blocked, id=1340, stack(0x000000b484300000,0x000000b484400000)]
  0x000001d5e362e800 JavaThread "Unconstrained build operations Thread 46" [_thread_blocked, id=19520, stack(0x000000b484400000,0x000000b484500000)]
  0x000001d5e3629000 JavaThread "Unconstrained build operations Thread 47" [_thread_blocked, id=18164, stack(0x000000b484500000,0x000000b484600000)]
  0x000001d5e3631000 JavaThread "Unconstrained build operations Thread 48" [_thread_blocked, id=9188, stack(0x000000b484600000,0x000000b484700000)]
  0x000001d5e362f800 JavaThread "Unconstrained build operations Thread 49" [_thread_blocked, id=9192, stack(0x000000b484700000,0x000000b484800000)]
  0x000001d5e3635000 JavaThread "Unconstrained build operations Thread 50" [_thread_blocked, id=21820, stack(0x000000b484800000,0x000000b484900000)]
  0x000001d5e3633800 JavaThread "Unconstrained build operations Thread 51" [_thread_blocked, id=12112, stack(0x000000b484900000,0x000000b484a00000)]
  0x000001d5e3636000 JavaThread "Unconstrained build operations Thread 52" [_thread_blocked, id=22324, stack(0x000000b484a00000,0x000000b484b00000)]
  0x000001d5e3632800 JavaThread "Unconstrained build operations Thread 53" [_thread_blocked, id=18232, stack(0x000000b484b00000,0x000000b484c00000)]
  0x000001d5e3630000 JavaThread "Unconstrained build operations Thread 54" [_thread_blocked, id=6772, stack(0x000000b484c00000,0x000000b484d00000)]
  0x000001d5e3632000 JavaThread "Unconstrained build operations Thread 55" [_thread_blocked, id=21884, stack(0x000000b484d00000,0x000000b484e00000)]
  0x000001d5e3634800 JavaThread "Unconstrained build operations Thread 56" [_thread_blocked, id=8488, stack(0x000000b484e00000,0x000000b484f00000)]
  0x000001d5e0ccc000 JavaThread "Unconstrained build operations Thread 57" [_thread_blocked, id=5460, stack(0x000000b484f00000,0x000000b485000000)]
  0x000001d5e0ccb000 JavaThread "Unconstrained build operations Thread 58" [_thread_blocked, id=2584, stack(0x000000b485000000,0x000000b485100000)]
  0x000001d5e0ccc800 JavaThread "Unconstrained build operations Thread 59" [_thread_blocked, id=15616, stack(0x000000b485100000,0x000000b485200000)]
  0x000001d5e0cd0000 JavaThread "Unconstrained build operations Thread 60" [_thread_blocked, id=13740, stack(0x000000b485200000,0x000000b485300000)]
  0x000001d5e0ccd800 JavaThread "Unconstrained build operations Thread 61" [_thread_blocked, id=20796, stack(0x000000b485300000,0x000000b485400000)]
  0x000001d5e0cce800 JavaThread "Unconstrained build operations Thread 62" [_thread_blocked, id=11808, stack(0x000000b485400000,0x000000b485500000)]
  0x000001d5e0cca800 JavaThread "Unconstrained build operations Thread 63" [_thread_blocked, id=16304, stack(0x000000b485500000,0x000000b485600000)]
  0x000001d5e0cd1000 JavaThread "Unconstrained build operations Thread 64" [_thread_blocked, id=9268, stack(0x000000b485600000,0x000000b485700000)]
  0x000001d5e0cd1800 JavaThread "Unconstrained build operations Thread 65" [_thread_blocked, id=21008, stack(0x000000b485700000,0x000000b485800000)]
  0x000001d5e0cd5000 JavaThread "Unconstrained build operations Thread 66" [_thread_blocked, id=17816, stack(0x000000b485800000,0x000000b485900000)]
  0x000001d5e0ccf000 JavaThread "Unconstrained build operations Thread 67" [_thread_blocked, id=8320, stack(0x000000b485900000,0x000000b485a00000)]
  0x000001d5e0cd6800 JavaThread "Unconstrained build operations Thread 68" [_thread_blocked, id=18992, stack(0x000000b485a00000,0x000000b485b00000)]
  0x000001d5e0cd4000 JavaThread "Unconstrained build operations Thread 69" [_thread_blocked, id=10068, stack(0x000000b485b00000,0x000000b485c00000)]
  0x000001d5e0cd5800 JavaThread "Unconstrained build operations Thread 70" [_thread_blocked, id=20892, stack(0x000000b485c00000,0x000000b485d00000)]
  0x000001d5e0cd2800 JavaThread "Unconstrained build operations Thread 71" [_thread_blocked, id=17672, stack(0x000000b485d00000,0x000000b485e00000)]
  0x000001d5e0cd7800 JavaThread "Unconstrained build operations Thread 72" [_thread_blocked, id=21512, stack(0x000000b485e00000,0x000000b485f00000)]
  0x000001d5e0cd9000 JavaThread "Unconstrained build operations Thread 73" [_thread_blocked, id=11868, stack(0x000000b485f00000,0x000000b486000000)]
  0x000001d5e0cd3800 JavaThread "Unconstrained build operations Thread 74" [_thread_blocked, id=13620, stack(0x000000b486000000,0x000000b486100000)]
  0x000001d5e0cd8000 JavaThread "Unconstrained build operations Thread 75" [_thread_blocked, id=18100, stack(0x000000b486100000,0x000000b486200000)]
  0x000001d5e40c4000 JavaThread "Unconstrained build operations Thread 76" [_thread_blocked, id=20664, stack(0x000000b486200000,0x000000b486300000)]
  0x000001d5e40c5800 JavaThread "Unconstrained build operations Thread 77" [_thread_blocked, id=22212, stack(0x000000b486300000,0x000000b486400000)]
  0x000001d5e40c5000 JavaThread "Unconstrained build operations Thread 78" [_thread_blocked, id=11152, stack(0x000000b486400000,0x000000b486500000)]
  0x000001d5e40c6800 JavaThread "Unconstrained build operations Thread 79" [_thread_blocked, id=18148, stack(0x000000b486500000,0x000000b486600000)]
  0x000001d5e40c7000 JavaThread "Unconstrained build operations Thread 80" [_thread_blocked, id=21636, stack(0x000000b486600000,0x000000b486700000)]
  0x000001d5e40c8000 JavaThread "Memory manager" [_thread_blocked, id=11844, stack(0x000000b486700000,0x000000b486800000)]

Other Threads:
  0x000001d5dd7de000 VMThread "VM Thread" [stack: 0x000000b4fe300000,0x000000b4fe400000] [id=5500]
  0x000001d5de2d1800 WatcherThread [stack: 0x000000b4fed00000,0x000000b4fee00000] [id=16404]
  0x000001d5c3384000 GCTaskThread "GC Thread#0" [stack: 0x000000b4fde00000,0x000000b4fdf00000] [id=12840]
  0x000001d5deef5800 GCTaskThread "GC Thread#1" [stack: 0x000000b4fef00000,0x000000b4ff000000] [id=17876]
  0x000001d5deef7000 GCTaskThread "GC Thread#2" [stack: 0x000000b4ff600000,0x000000b4ff700000] [id=3660]
  0x000001d5deef5000 GCTaskThread "GC Thread#3" [stack: 0x000000b4ff700000,0x000000b4ff800000] [id=19164]
  0x000001d5deef8800 GCTaskThread "GC Thread#4" [stack: 0x000000b4ff800000,0x000000b4ff900000] [id=22484]
  0x000001d5deefa000 GCTaskThread "GC Thread#5" [stack: 0x000000b4ff900000,0x000000b4ffa00000] [id=15756]
  0x000001d5deefa800 GCTaskThread "GC Thread#6" [stack: 0x000000b4ffa00000,0x000000b4ffb00000] [id=2856]
  0x000001d5deef6800 GCTaskThread "GC Thread#7" [stack: 0x000000b4ffb00000,0x000000b4ffc00000] [id=10456]
  0x000001d5c33b8000 ConcurrentGCThread "G1 Main Marker" [stack: 0x000000b4fdf00000,0x000000b4fe000000] [id=18816]
  0x000001d5c33ba000 ConcurrentGCThread "G1 Conc#0" [stack: 0x000000b4fe000000,0x000000b4fe100000] [id=18856]
  0x000001d5deef9800 ConcurrentGCThread "G1 Conc#1" [stack: 0x000000b480200000,0x000000b480300000] [id=21064]
  0x000001d5c3449000 ConcurrentGCThread "G1 Refine#0" [stack: 0x000000b4fe100000,0x000000b4fe200000] [id=18624]
  0x000001d5deef8000 ConcurrentGCThread "G1 Refine#1" [stack: 0x000000b4ffc00000,0x000000b4ffd00000] [id=1752]
  0x000001d5c344a000 ConcurrentGCThread "G1 Young RemSet Sampling" [stack: 0x000000b4fe200000,0x000000b4fe300000] [id=18528]

Threads with active compile tasks:
C2 CompilerThread0  18569 6811       4       java.util.regex.Pattern::atom (422 bytes)
C2 CompilerThread1  18569 6644 %     4       org.gradle.internal.instantiation.generator.AbstractClassGenerator::inspectType @ 107 (560 bytes)

VM state:not at safepoint (normal execution)

VM Mutex/Monitor currently owned by a thread: None

Heap address: 0x0000000080000000, size: 2048 MB, Compressed Oops mode: 32-bit
Narrow klass base: 0x0000000000000000, Narrow klass shift: 3
Compressed class space size: 1073741824 Address: 0x0000000100000000

Heap:
 garbage-first heap   total 114688K, used 81842K [0x0000000080000000, 0x0000000100000000)
  region size 1024K, 9 young (9216K), 2 survivors (2048K)
 Metaspace       used 66227K, capacity 67972K, committed 68040K, reserved 1107968K
  class space    used 8430K, capacity 9071K, committed 9088K, reserved 1048576K
Heap Regions: E=young(eden), S=young(survivor), O=old, HS=humongous(starts), HC=humongous(continues), CS=collection set, F=free, A=archive, TAMS=top-at-mark-start (previous, next)
|   0|0x0000000080000000, 0x0000000080100000, 0x0000000080100000|100%| O|  |TAMS 0x0000000080100000, 0x0000000080000000| Untracked 
|   1|0x0000000080100000, 0x0000000080200000, 0x0000000080200000|100%| O|  |TAMS 0x0000000080200000, 0x0000000080100000| Untracked 
|   2|0x0000000080200000, 0x0000000080300000, 0x0000000080300000|100%| O|  |TAMS 0x0000000080300000, 0x0000000080200000| Untracked 
|   3|0x0000000080300000, 0x0000000080400000, 0x0000000080400000|100%|HS|  |TAMS 0x0000000080400000, 0x0000000080300000| Complete 
|   4|0x0000000080400000, 0x0000000080500000, 0x0000000080500000|100%|HC|  |TAMS 0x0000000080500000, 0x0000000080400000| Complete 
|   5|0x0000000080500000, 0x0000000080600000, 0x0000000080600000|100%|HC|  |TAMS 0x0000000080600000, 0x0000000080500000| Complete 
|   6|0x0000000080600000, 0x0000000080700000, 0x0000000080700000|100%| O|  |TAMS 0x0000000080700000, 0x0000000080600000| Untracked 
|   7|0x0000000080700000, 0x0000000080800000, 0x0000000080800000|100%| O|  |TAMS 0x0000000080800000, 0x0000000080700000| Untracked 
|   8|0x0000000080800000, 0x0000000080900000, 0x0000000080900000|100%| O|  |TAMS 0x0000000080900000, 0x0000000080800000| Untracked 
|   9|0x0000000080900000, 0x0000000080a00000, 0x0000000080a00000|100%| O|  |TAMS 0x0000000080a00000, 0x0000000080900000| Untracked 
|  10|0x0000000080a00000, 0x0000000080b00000, 0x0000000080b00000|100%| O|  |TAMS 0x0000000080b00000, 0x0000000080a00000| Untracked 
|  11|0x0000000080b00000, 0x0000000080c00000, 0x0000000080c00000|100%| O|  |TAMS 0x0000000080c00000, 0x0000000080b00000| Untracked 
|  12|0x0000000080c00000, 0x0000000080d00000, 0x0000000080d00000|100%| O|  |TAMS 0x0000000080d00000, 0x0000000080c00000| Untracked 
|  13|0x0000000080d00000, 0x0000000080e00000, 0x0000000080e00000|100%| O|  |TAMS 0x0000000080e00000, 0x0000000080d00000| Untracked 
|  14|0x0000000080e00000, 0x0000000080f00000, 0x0000000080f00000|100%| O|  |TAMS 0x0000000080f00000, 0x0000000080e00000| Untracked 
|  15|0x0000000080f00000, 0x0000000081000000, 0x0000000081000000|100%| O|  |TAMS 0x0000000081000000, 0x0000000080f00000| Untracked 
|  16|0x0000000081000000, 0x0000000081100000, 0x0000000081100000|100%|HS|  |TAMS 0x0000000081100000, 0x0000000081000000| Complete 
|  17|0x0000000081100000, 0x0000000081200000, 0x0000000081200000|100%|HC|  |TAMS 0x0000000081200000, 0x0000000081100000| Complete 
|  18|0x0000000081200000, 0x0000000081300000, 0x0000000081300000|100%|HS|  |TAMS 0x0000000081300000, 0x0000000081200000| Complete 
|  19|0x0000000081300000, 0x0000000081400000, 0x0000000081400000|100%|HC|  |TAMS 0x0000000081400000, 0x0000000081300000| Complete 
|  20|0x0000000081400000, 0x0000000081500000, 0x0000000081500000|100%|HC|  |TAMS 0x0000000081500000, 0x0000000081400000| Complete 
|  21|0x0000000081500000, 0x0000000081600000, 0x0000000081600000|100%|HS|  |TAMS 0x0000000081600000, 0x0000000081500000| Complete 
|  22|0x0000000081600000, 0x0000000081700000, 0x0000000081700000|100%|HC|  |TAMS 0x0000000081700000, 0x0000000081600000| Complete 
|  23|0x0000000081700000, 0x0000000081800000, 0x0000000081800000|100%|HC|  |TAMS 0x0000000081800000, 0x0000000081700000| Complete 
|  24|0x0000000081800000, 0x0000000081900000, 0x0000000081900000|100%|HC|  |TAMS 0x0000000081900000, 0x0000000081800000| Complete 
|  25|0x0000000081900000, 0x0000000081a00000, 0x0000000081a00000|100%| O|  |TAMS 0x0000000081a00000, 0x0000000081900000| Untracked 
|  26|0x0000000081a00000, 0x0000000081b00000, 0x0000000081b00000|100%| O|  |TAMS 0x0000000081b00000, 0x0000000081a00000| Untracked 
|  27|0x0000000081b00000, 0x0000000081c00000, 0x0000000081c00000|100%| O|  |TAMS 0x0000000081c00000, 0x0000000081b00000| Untracked 
|  28|0x0000000081c00000, 0x0000000081d00000, 0x0000000081d00000|100%| O|  |TAMS 0x0000000081d00000, 0x0000000081c00000| Untracked 
|  29|0x0000000081d00000, 0x0000000081e00000, 0x0000000081e00000|100%| O|  |TAMS 0x0000000081e00000, 0x0000000081d00000| Untracked 
|  30|0x0000000081e00000, 0x0000000081f00000, 0x0000000081f00000|100%| O|  |TAMS 0x0000000081f00000, 0x0000000081e00000| Untracked 
|  31|0x0000000081f00000, 0x0000000082000000, 0x0000000082000000|100%| O|  |TAMS 0x0000000082000000, 0x0000000081f00000| Untracked 
|  32|0x0000000082000000, 0x0000000082100000, 0x0000000082100000|100%|HS|  |TAMS 0x0000000082100000, 0x0000000082000000| Complete 
|  33|0x0000000082100000, 0x0000000082200000, 0x0000000082200000|100%|HC|  |TAMS 0x0000000082200000, 0x0000000082100000| Complete 
|  34|0x0000000082200000, 0x0000000082300000, 0x0000000082300000|100%|HC|  |TAMS 0x0000000082300000, 0x0000000082200000| Complete 
|  35|0x0000000082300000, 0x0000000082400000, 0x0000000082400000|100%| O|  |TAMS 0x0000000082400000, 0x0000000082300000| Untracked 
|  36|0x0000000082400000, 0x0000000082500000, 0x0000000082500000|100%| O|  |TAMS 0x0000000082500000, 0x0000000082400000| Untracked 
|  37|0x0000000082500000, 0x0000000082600000, 0x0000000082600000|100%| O|  |TAMS 0x0000000082600000, 0x0000000082500000| Untracked 
|  38|0x0000000082600000, 0x0000000082700000, 0x0000000082700000|100%| O|  |TAMS 0x0000000082700000, 0x0000000082600000| Untracked 
|  39|0x0000000082700000, 0x0000000082800000, 0x0000000082800000|100%| O|  |TAMS 0x0000000082800000, 0x0000000082700000| Untracked 
|  40|0x0000000082800000, 0x0000000082900000, 0x0000000082900000|100%|HS|  |TAMS 0x0000000082900000, 0x0000000082800000| Complete 
|  41|0x0000000082900000, 0x0000000082a00000, 0x0000000082a00000|100%|HC|  |TAMS 0x0000000082a00000, 0x0000000082900000| Complete 
|  42|0x0000000082a00000, 0x0000000082b00000, 0x0000000082b00000|100%|HC|  |TAMS 0x0000000082b00000, 0x0000000082a00000| Complete 
|  43|0x0000000082b00000, 0x0000000082c00000, 0x0000000082c00000|100%|HC|  |TAMS 0x0000000082c00000, 0x0000000082b00000| Complete 
|  44|0x0000000082c00000, 0x0000000082d00000, 0x0000000082d00000|100%| O|  |TAMS 0x0000000082d00000, 0x0000000082c00000| Untracked 
|  45|0x0000000082d00000, 0x0000000082e00000, 0x0000000082e00000|100%| O|  |TAMS 0x0000000082e00000, 0x0000000082d00000| Untracked 
|  46|0x0000000082e00000, 0x0000000082f00000, 0x0000000082f00000|100%| O|  |TAMS 0x0000000082f00000, 0x0000000082e00000| Untracked 
|  47|0x0000000082f00000, 0x0000000083000000, 0x0000000083000000|100%| O|  |TAMS 0x0000000083000000, 0x0000000082f00000| Untracked 
|  48|0x0000000083000000, 0x0000000083100000, 0x0000000083100000|100%| O|  |TAMS 0x0000000083100000, 0x0000000083000000| Untracked 
|  49|0x0000000083100000, 0x0000000083200000, 0x0000000083200000|100%| O|  |TAMS 0x0000000083200000, 0x0000000083100000| Untracked 
|  50|0x0000000083200000, 0x0000000083300000, 0x0000000083300000|100%| O|  |TAMS 0x0000000083300000, 0x0000000083200000| Untracked 
|  51|0x0000000083300000, 0x0000000083400000, 0x0000000083400000|100%| O|  |TAMS 0x0000000083400000, 0x0000000083300000| Untracked 
|  52|0x0000000083400000, 0x0000000083500000, 0x0000000083500000|100%| O|  |TAMS 0x0000000083500000, 0x0000000083400000| Untracked 
|  53|0x0000000083500000, 0x0000000083600000, 0x0000000083600000|100%|HS|  |TAMS 0x0000000083600000, 0x0000000083500000| Complete 
|  54|0x0000000083600000, 0x0000000083700000, 0x0000000083700000|100%|HS|  |TAMS 0x0000000083700000, 0x0000000083600000| Complete 
|  55|0x0000000083700000, 0x0000000083800000, 0x0000000083800000|100%|HS|  |TAMS 0x0000000083800000, 0x0000000083700000| Complete 
|  56|0x0000000083800000, 0x0000000083900000, 0x0000000083900000|100%| O|  |TAMS 0x0000000083900000, 0x0000000083800000| Untracked 
|  57|0x0000000083900000, 0x0000000083a00000, 0x0000000083a00000|100%| O|  |TAMS 0x0000000083a00000, 0x0000000083900000| Untracked 
|  58|0x0000000083a00000, 0x0000000083b00000, 0x0000000083b00000|100%|HS|  |TAMS 0x0000000083b00000, 0x0000000083a00000| Complete 
|  59|0x0000000083b00000, 0x0000000083c00000, 0x0000000083c00000|100%|HC|  |TAMS 0x0000000083c00000, 0x0000000083b00000| Complete 
|  60|0x0000000083c00000, 0x0000000083d00000, 0x0000000083d00000|100%| O|  |TAMS 0x0000000083d00000, 0x0000000083c00000| Untracked 
|  61|0x0000000083d00000, 0x0000000083e00000, 0x0000000083e00000|100%| O|  |TAMS 0x0000000083e00000, 0x0000000083d00000| Untracked 
|  62|0x0000000083e00000, 0x0000000083f00000, 0x0000000083f00000|100%| O|  |TAMS 0x0000000083f00000, 0x0000000083e00000| Untracked 
|  63|0x0000000083f00000, 0x0000000084000000, 0x0000000084000000|100%| O|  |TAMS 0x0000000084000000, 0x0000000083f00000| Untracked 
|  64|0x0000000084000000, 0x0000000084100000, 0x0000000084100000|100%| O|  |TAMS 0x0000000084100000, 0x0000000084000000| Untracked 
|  65|0x0000000084100000, 0x0000000084200000, 0x0000000084200000|100%| O|  |TAMS 0x0000000084200000, 0x0000000084100000| Untracked 
|  66|0x0000000084200000, 0x0000000084300000, 0x0000000084300000|100%| O|  |TAMS 0x0000000084300000, 0x0000000084200000| Untracked 
|  67|0x0000000084300000, 0x0000000084400000, 0x0000000084400000|100%| O|  |TAMS 0x0000000084400000, 0x0000000084300000| Untracked 
|  68|0x0000000084400000, 0x0000000084500000, 0x0000000084500000|100%| O|  |TAMS 0x0000000084500000, 0x0000000084400000| Untracked 
|  69|0x0000000084500000, 0x0000000084600000, 0x0000000084600000|100%| O|  |TAMS 0x0000000084600000, 0x0000000084500000| Untracked 
|  70|0x0000000084600000, 0x0000000084700000, 0x0000000084700000|100%| O|  |TAMS 0x0000000084700000, 0x0000000084600000| Untracked 
|  71|0x0000000084700000, 0x0000000084722c00, 0x0000000084800000| 13%| O|  |TAMS 0x0000000084722c00, 0x0000000084700000| Untracked 
|  72|0x0000000084800000, 0x0000000084900000, 0x0000000084900000|100%|HS|  |TAMS 0x0000000084800000, 0x0000000084800000| Complete 
|  73|0x0000000084900000, 0x0000000084900000, 0x0000000084a00000|  0%| F|  |TAMS 0x0000000084900000, 0x0000000084900000| Untracked 
|  74|0x0000000084a00000, 0x0000000084a00000, 0x0000000084b00000|  0%| F|  |TAMS 0x0000000084a00000, 0x0000000084a00000| Untracked 
|  75|0x0000000084b00000, 0x0000000084b00000, 0x0000000084c00000|  0%| F|  |TAMS 0x0000000084b00000, 0x0000000084b00000| Untracked 
|  76|0x0000000084c00000, 0x0000000084c00000, 0x0000000084d00000|  0%| F|  |TAMS 0x0000000084c00000, 0x0000000084c00000| Untracked 
|  77|0x0000000084d00000, 0x0000000084d00000, 0x0000000084e00000|  0%| F|  |TAMS 0x0000000084d00000, 0x0000000084d00000| Untracked 
|  78|0x0000000084e00000, 0x0000000084e00000, 0x0000000084f00000|  0%| F|  |TAMS 0x0000000084e00000, 0x0000000084e00000| Untracked 
|  79|0x0000000084f00000, 0x0000000084f00000, 0x0000000085000000|  0%| F|  |TAMS 0x0000000084f00000, 0x0000000084f00000| Untracked 
|  80|0x0000000085000000, 0x0000000085000000, 0x0000000085100000|  0%| F|  |TAMS 0x0000000085000000, 0x0000000085000000| Untracked 
|  81|0x0000000085100000, 0x0000000085100000, 0x0000000085200000|  0%| F|  |TAMS 0x0000000085100000, 0x0000000085100000| Untracked 
|  82|0x0000000085200000, 0x0000000085200000, 0x0000000085300000|  0%| F|  |TAMS 0x0000000085200000, 0x0000000085200000| Untracked 
|  83|0x0000000085300000, 0x0000000085300000, 0x0000000085400000|  0%| F|  |TAMS 0x0000000085300000, 0x0000000085300000| Untracked 
|  84|0x0000000085400000, 0x0000000085400000, 0x0000000085500000|  0%| F|  |TAMS 0x0000000085400000, 0x0000000085400000| Untracked 
|  85|0x0000000085500000, 0x0000000085500000, 0x0000000085600000|  0%| F|  |TAMS 0x0000000085500000, 0x0000000085500000| Untracked 
|  86|0x0000000085600000, 0x0000000085600000, 0x0000000085700000|  0%| F|  |TAMS 0x0000000085600000, 0x0000000085600000| Untracked 
|  87|0x0000000085700000, 0x0000000085700000, 0x0000000085800000|  0%| F|  |TAMS 0x0000000085700000, 0x0000000085700000| Untracked 
|  88|0x0000000085800000, 0x0000000085800000, 0x0000000085900000|  0%| F|  |TAMS 0x0000000085800000, 0x0000000085800000| Untracked 
|  89|0x0000000085900000, 0x0000000085900000, 0x0000000085a00000|  0%| F|  |TAMS 0x0000000085900000, 0x0000000085900000| Untracked 
|  90|0x0000000085a00000, 0x0000000085a00000, 0x0000000085b00000|  0%| F|  |TAMS 0x0000000085a00000, 0x0000000085a00000| Untracked 
|  91|0x0000000085b00000, 0x0000000085b00000, 0x0000000085c00000|  0%| F|  |TAMS 0x0000000085b00000, 0x0000000085b00000| Untracked 
|  92|0x0000000085c00000, 0x0000000085c00000, 0x0000000085d00000|  0%| F|  |TAMS 0x0000000085c00000, 0x0000000085c00000| Untracked 
|  93|0x0000000085d00000, 0x0000000085d00000, 0x0000000085e00000|  0%| F|  |TAMS 0x0000000085d00000, 0x0000000085d00000| Untracked 
|  94|0x0000000085e00000, 0x0000000085e00000, 0x0000000085f00000|  0%| F|  |TAMS 0x0000000085e00000, 0x0000000085e00000| Untracked 
|  95|0x0000000085f00000, 0x0000000085f00000, 0x0000000086000000|  0%| F|  |TAMS 0x0000000085f00000, 0x0000000085f00000| Untracked 
|  96|0x0000000086000000, 0x0000000086000000, 0x0000000086100000|  0%| F|  |TAMS 0x0000000086000000, 0x0000000086000000| Untracked 
|  97|0x0000000086100000, 0x0000000086100000, 0x0000000086200000|  0%| F|  |TAMS 0x0000000086100000, 0x0000000086100000| Untracked 
|  98|0x0000000086200000, 0x0000000086200000, 0x0000000086300000|  0%| F|  |TAMS 0x0000000086200000, 0x0000000086200000| Untracked 
|  99|0x0000000086300000, 0x0000000086300000, 0x0000000086400000|  0%| F|  |TAMS 0x0000000086300000, 0x0000000086300000| Untracked 
| 100|0x0000000086400000, 0x0000000086400000, 0x0000000086500000|  0%| F|  |TAMS 0x0000000086400000, 0x0000000086400000| Untracked 
| 101|0x0000000086500000, 0x0000000086500000, 0x0000000086600000|  0%| F|  |TAMS 0x0000000086500000, 0x0000000086500000| Untracked 
| 102|0x0000000086600000, 0x0000000086600000, 0x0000000086700000|  0%| F|  |TAMS 0x0000000086600000, 0x0000000086600000| Untracked 
| 103|0x0000000086700000, 0x0000000086800000, 0x0000000086800000|100%| E|CS|TAMS 0x0000000086700000, 0x0000000086700000| Complete 
| 104|0x0000000086800000, 0x0000000086900000, 0x0000000086900000|100%| E|CS|TAMS 0x0000000086800000, 0x0000000086800000| Complete 
| 105|0x0000000086900000, 0x00000000869c9ec8, 0x0000000086a00000| 78%| S|CS|TAMS 0x0000000086900000, 0x0000000086900000| Complete 
| 106|0x0000000086a00000, 0x0000000086b00000, 0x0000000086b00000|100%| S|CS|TAMS 0x0000000086a00000, 0x0000000086a00000| Complete 
| 107|0x0000000086b00000, 0x0000000086c00000, 0x0000000086c00000|100%| E|CS|TAMS 0x0000000086b00000, 0x0000000086b00000| Complete 
| 108|0x0000000086c00000, 0x0000000086d00000, 0x0000000086d00000|100%| E|CS|TAMS 0x0000000086c00000, 0x0000000086c00000| Complete 
| 109|0x0000000086d00000, 0x0000000086e00000, 0x0000000086e00000|100%| E|CS|TAMS 0x0000000086d00000, 0x0000000086d00000| Complete 
| 110|0x0000000086e00000, 0x0000000086f00000, 0x0000000086f00000|100%| E|CS|TAMS 0x0000000086e00000, 0x0000000086e00000| Complete 
| 111|0x0000000086f00000, 0x0000000087000000, 0x0000000087000000|100%| E|CS|TAMS 0x0000000086f00000, 0x0000000086f00000| Complete 

Card table byte_map: [0x000001d5d65b0000,0x000001d5d69b0000] _byte_map_base: 0x000001d5d61b0000

Marking Bits (Prev, Next): (CMBitMap*) 0x000001d5c33af1f8, (CMBitMap*) 0x000001d5c33af230
 Prev Bits: [0x000001d5d6db0000, 0x000001d5d8db0000)
 Next Bits: [0x000001d5d8db0000, 0x000001d5dadb0000)

Polling page: 0x000001d5c1310000

Metaspace:

Usage:
  Non-class:     57.52 MB capacity,    56.45 MB ( 98%) used,   926.02 KB (  2%) free+waste,   171.13 KB ( <1%) overhead. 
      Class:      8.86 MB capacity,     8.23 MB ( 93%) used,   559.30 KB (  6%) free+waste,    80.81 KB ( <1%) overhead. 
       Both:     66.38 MB capacity,    64.68 MB ( 97%) used,     1.45 MB (  2%) free+waste,   251.94 KB ( <1%) overhead. 

Virtual space:
  Non-class space:       58.00 MB reserved,      57.57 MB (>99%) committed 
      Class space:        1.00 GB reserved,       8.88 MB ( <1%) committed 
             Both:        1.06 GB reserved,      66.45 MB (  6%) committed 

Chunk freelists:
   Non-Class:  51.00 KB
       Class:  17.00 KB
        Both:  68.00 KB

MaxMetaspaceSize: 17179869184.00 GB
CompressedClassSpaceSize: 1.00 GB

CodeHeap 'non-profiled nmethods': size=120000Kb used=3964Kb max_used=3964Kb free=116035Kb
 bounds [0x000001d5ce940000, 0x000001d5ced20000, 0x000001d5d5e70000]
CodeHeap 'profiled nmethods': size=120000Kb used=14490Kb max_used=14490Kb free=105509Kb
 bounds [0x000001d5c7410000, 0x000001d5c8240000, 0x000001d5ce940000]
CodeHeap 'non-nmethods': size=5760Kb used=2265Kb max_used=2336Kb free=3494Kb
 bounds [0x000001d5c6e70000, 0x000001d5c70e0000, 0x000001d5c7410000]
 total_blobs=7622 nmethods=6763 adapters=770
 compilation: enabled
              stopped_count=0, restarted_count=0
 full_count=0

Compilation events (20 events):
Event: 18.488 Thread 0x000001d5dd813000 nmethod 6795 0x000001d5c8229410 code [0x000001d5c8229600, 0x000001d5c8229938]
Event: 18.493 Thread 0x000001d5dd813000 6796       3       java.lang.AbstractStringBuilder::append (43 bytes)
Event: 18.494 Thread 0x000001d5dd813000 nmethod 6796 0x000001d5c8229a90 code [0x000001d5c8229c80, 0x000001d5c8229f58]
Event: 18.508 Thread 0x000001d5dd813000 6798       3       java.util.Spliterators$EmptySpliterator::forEachRemaining (6 bytes)
Event: 18.508 Thread 0x000001d5dd813000 nmethod 6798 0x000001d5c822a090 code [0x000001d5c822a260, 0x000001d5c822a4a8]
Event: 18.508 Thread 0x000001d5dd813000 6799       3       java.util.Spliterators$EmptySpliterator$OfRef::forEachRemaining (6 bytes)
Event: 18.509 Thread 0x000001d5dd813000 nmethod 6799 0x000001d5c822a590 code [0x000001d5c822a760, 0x000001d5c822aa08]
Event: 18.509 Thread 0x000001d5dd813000 6800       3       java.util.Collections$EmptyList::spliterator (4 bytes)
Event: 18.509 Thread 0x000001d5dd813000 nmethod 6800 0x000001d5c822ab10 code [0x000001d5c822acc0, 0x000001d5c822ae18]
Event: 18.512 Thread 0x000001d5dd80e800 nmethod 6756 0x000001d5ced18e10 code [0x000001d5ced19020, 0x000001d5ced1bee8]
Event: 18.513 Thread 0x000001d5dd80e800 6789       4       java.lang.StringUTF16::putChar (54 bytes)
Event: 18.515 Thread 0x000001d5dd80e800 nmethod 6789 0x000001d5ced1c710 code [0x000001d5ced1c8a0, 0x000001d5ced1c958]
Event: 18.515 Thread 0x000001d5dd80e800 6797       4       java.lang.StringUTF16::getChar (60 bytes)
Event: 18.517 Thread 0x000001d5dd80e800 nmethod 6797 0x000001d5ced1ca10 code [0x000001d5ced1cba0, 0x000001d5ced1cc58]
Event: 18.518 Thread 0x000001d5dd80e800 6782       4       kotlin.text.StringsKt__StringsKt::indexOf (58 bytes)
Event: 18.518 Thread 0x000001d5dd813000 6802       3       java.util.regex.Pattern::bitsOrSingle (106 bytes)
Event: 18.519 Thread 0x000001d5dd813000 nmethod 6802 0x000001d5c822af10 code [0x000001d5c822b100, 0x000001d5c822b718]
Event: 18.525 Thread 0x000001d5dd813000 6803       3       java.util.regex.Pattern$CharPropertyGreedy::study (45 bytes)
Event: 18.526 Thread 0x000001d5dd813000 nmethod 6803 0x000001d5c822b890 code [0x000001d5c822ba60, 0x000001d5c822bc88]
Event: 18.527 Thread 0x000001d5dd813000 6804       3       java.util.regex.Pattern$BitClass::<init> (10 bytes)

GC Heap History (20 events):
Event: 13.134 GC heap before
{Heap before GC invocations=13 (full 0):
 garbage-first heap   total 114688K, used 88882K [0x0000000080000000, 0x0000000100000000)
  region size 1024K, 38 young (38912K), 4 survivors (4096K)
 Metaspace       used 49776K, capacity 51270K, committed 51528K, reserved 1093632K
  class space    used 6414K, capacity 6896K, committed 6912K, reserved 1048576K
}
Event: 13.140 GC heap after
{Heap after GC invocations=14 (full 0):
 garbage-first heap   total 114688K, used 55601K [0x0000000080000000, 0x0000000100000000)
  region size 1024K, 2 young (2048K), 2 survivors (2048K)
 Metaspace       used 49776K, capacity 51270K, committed 51528K, reserved 1093632K
  class space    used 6414K, capacity 6896K, committed 6912K, reserved 1048576K
}
Event: 14.183 GC heap before
{Heap before GC invocations=14 (full 0):
 garbage-first heap   total 114688K, used 82225K [0x0000000080000000, 0x0000000100000000)
  region size 1024K, 29 young (29696K), 2 survivors (2048K)
 Metaspace       used 50770K, capacity 52285K, committed 52424K, reserved 1095680K
  class space    used 6502K, capacity 7012K, committed 7040K, reserved 1048576K
}
Event: 14.191 GC heap after
{Heap after GC invocations=15 (full 0):
 garbage-first heap   total 114688K, used 56729K [0x0000000080000000, 0x0000000100000000)
  region size 1024K, 3 young (3072K), 3 survivors (3072K)
 Metaspace       used 50770K, capacity 52285K, committed 52424K, reserved 1095680K
  class space    used 6502K, capacity 7012K, committed 7040K, reserved 1048576K
}
Event: 14.428 GC heap before
{Heap before GC invocations=16 (full 0):
 garbage-first heap   total 114688K, used 63897K [0x0000000080000000, 0x0000000100000000)
  region size 1024K, 9 young (9216K), 3 survivors (3072K)
 Metaspace       used 50764K, capacity 52273K, committed 52424K, reserved 1095680K
  class space    used 6500K, capacity 7008K, committed 7040K, reserved 1048576K
}
Event: 14.438 GC heap after
{Heap after GC invocations=17 (full 0):
 garbage-first heap   total 114688K, used 63703K [0x0000000080000000, 0x0000000100000000)
  region size 1024K, 5 young (5120K), 5 survivors (5120K)
 Metaspace       used 50764K, capacity 52273K, committed 52424K, reserved 1095680K
  class space    used 6500K, capacity 7008K, committed 7040K, reserved 1048576K
}
Event: 14.970 GC heap before
{Heap before GC invocations=18 (full 0):
 garbage-first heap   total 114688K, used 86231K [0x0000000080000000, 0x0000000100000000)
  region size 1024K, 26 young (26624K), 5 survivors (5120K)
 Metaspace       used 52887K, capacity 54423K, committed 54600K, reserved 1097728K
  class space    used 6774K, capacity 7321K, committed 7424K, reserved 1048576K
}
Event: 14.975 GC heap after
{Heap after GC invocations=19 (full 0):
 garbage-first heap   total 114688K, used 67868K [0x0000000080000000, 0x0000000100000000)
  region size 1024K, 2 young (2048K), 2 survivors (2048K)
 Metaspace       used 52887K, capacity 54423K, committed 54600K, reserved 1097728K
  class space    used 6774K, capacity 7321K, committed 7424K, reserved 1048576K
}
Event: 15.615 GC heap before
{Heap before GC invocations=19 (full 0):
 garbage-first heap   total 114688K, used 88348K [0x0000000080000000, 0x0000000100000000)
  region size 1024K, 22 young (22528K), 2 survivors (2048K)
 Metaspace       used 55771K, capacity 57465K, committed 57800K, reserved 1099776K
  class space    used 7144K, capacity 7716K, committed 7808K, reserved 1048576K
}
Event: 15.621 GC heap after
{Heap after GC invocations=20 (full 0):
 garbage-first heap   total 114688K, used 68662K [0x0000000080000000, 0x0000000100000000)
  region size 1024K, 1 young (1024K), 1 survivors (1024K)
 Metaspace       used 55771K, capacity 57465K, committed 57800K, reserved 1099776K
  class space    used 7144K, capacity 7716K, committed 7808K, reserved 1048576K
}
Event: 16.224 GC heap before
{Heap before GC invocations=21 (full 0):
 garbage-first heap   total 114688K, used 89142K [0x0000000080000000, 0x0000000100000000)
  region size 1024K, 21 young (21504K), 1 survivors (1024K)
 Metaspace       used 58745K, capacity 60424K, committed 60616K, reserved 1101824K
  class space    used 7489K, capacity 8057K, committed 8064K, reserved 1048576K
}
Event: 16.227 GC heap after
{Heap after GC invocations=22 (full 0):
 garbage-first heap   total 114688K, used 69225K [0x0000000080000000, 0x0000000100000000)
  region size 1024K, 2 young (2048K), 2 survivors (2048K)
 Metaspace       used 58745K, capacity 60424K, committed 60616K, reserved 1101824K
  class space    used 7489K, capacity 8057K, committed 8064K, reserved 1048576K
}
Event: 16.723 GC heap before
{Heap before GC invocations=22 (full 0):
 garbage-first heap   total 114688K, used 88681K [0x0000000080000000, 0x0000000100000000)
  region size 1024K, 22 young (22528K), 2 survivors (2048K)
 Metaspace       used 62128K, capacity 63898K, committed 63944K, reserved 1105920K
  class space    used 7915K, capacity 8535K, committed 8576K, reserved 1048576K
}
Event: 16.729 GC heap after
{Heap after GC invocations=23 (full 0):
 garbage-first heap   total 114688K, used 70976K [0x0000000080000000, 0x0000000100000000)
  region size 1024K, 3 young (3072K), 3 survivors (3072K)
 Metaspace       used 62128K, capacity 63898K, committed 63944K, reserved 1105920K
  class space    used 7915K, capacity 8535K, committed 8576K, reserved 1048576K
}
Event: 17.150 GC heap before
{Heap before GC invocations=24 (full 0):
 garbage-first heap   total 114688K, used 90432K [0x0000000080000000, 0x0000000100000000)
  region size 1024K, 23 young (23552K), 3 survivors (3072K)
 Metaspace       used 63580K, capacity 65301K, committed 65352K, reserved 1105920K
  class space    used 8094K, capacity 8700K, committed 8704K, reserved 1048576K
}
Event: 17.155 GC heap after
{Heap after GC invocations=25 (full 0):
 garbage-first heap   total 114688K, used 72952K [0x0000000080000000, 0x0000000100000000)
  region size 1024K, 3 young (3072K), 3 survivors (3072K)
 Metaspace       used 63580K, capacity 65301K, committed 65352K, reserved 1105920K
  class space    used 8094K, capacity 8700K, committed 8704K, reserved 1048576K
}
Event: 17.711 GC heap before
{Heap before GC invocations=25 (full 0):
 garbage-first heap   total 114688K, used 92408K [0x0000000080000000, 0x0000000100000000)
  region size 1024K, 22 young (22528K), 3 survivors (3072K)
 Metaspace       used 65320K, capacity 67076K, committed 67144K, reserved 1107968K
  class space    used 8297K, capacity 8905K, committed 8960K, reserved 1048576K
}
Event: 17.716 GC heap after
{Heap after GC invocations=26 (full 0):
 garbage-first heap   total 114688K, used 74193K [0x0000000080000000, 0x0000000100000000)
  region size 1024K, 2 young (2048K), 2 survivors (2048K)
 Metaspace       used 65320K, capacity 67076K, committed 67144K, reserved 1107968K
  class space    used 8297K, capacity 8905K, committed 8960K, reserved 1048576K
}
Event: 18.021 GC heap before
{Heap before GC invocations=27 (full 0):
 garbage-first heap   total 114688K, used 78289K [0x0000000080000000, 0x0000000100000000)
  region size 1024K, 7 young (7168K), 2 survivors (2048K)
 Metaspace       used 65702K, capacity 67498K, committed 67784K, reserved 1107968K
  class space    used 8366K, capacity 9003K, committed 9088K, reserved 1048576K
}
Event: 18.026 GC heap after
{Heap after GC invocations=28 (full 0):
 garbage-first heap   total 114688K, used 74674K [0x0000000080000000, 0x0000000100000000)
  region size 1024K, 2 young (2048K), 2 survivors (2048K)
 Metaspace       used 65702K, capacity 67498K, committed 67784K, reserved 1107968K
  class space    used 8366K, capacity 9003K, committed 9088K, reserved 1048576K
}

Deoptimization events (20 events):
Event: 18.475 Thread 0x000001d5dffcb000 Uncommon trap: trap_request=0xffffff4d fr.pc=0x000001d5ce9c36b8 relative=0x0000000000000758
Event: 18.475 Thread 0x000001d5dffcb000 Uncommon trap: reason=unstable_if action=reinterpret pc=0x000001d5ce9c36b8 method=java.lang.StringLatin1.canEncode(I)Z @ 4 c2
Event: 18.475 Thread 0x000001d5dffcb000 DEOPT PACKING pc=0x000001d5ce9c36b8 sp=0x000000b4ff5f6a80
Event: 18.475 Thread 0x000001d5dffcb000 DEOPT UNPACKING pc=0x000001d5c6e9662f sp=0x000000b4ff5f6950 mode 2
Event: 18.475 Thread 0x000001d5dffcb000 Uncommon trap: trap_request=0xffffff4d fr.pc=0x000001d5ce96cc14 relative=0x00000000000001d4
Event: 18.475 Thread 0x000001d5dffcb000 Uncommon trap: reason=unstable_if action=reinterpret pc=0x000001d5ce96cc14 method=java.lang.AbstractStringBuilder.isLatin1()Z @ 10 c2
Event: 18.475 Thread 0x000001d5dffcb000 DEOPT PACKING pc=0x000001d5ce96cc14 sp=0x000000b4ff5f6a00
Event: 18.476 Thread 0x000001d5dffcb000 DEOPT UNPACKING pc=0x000001d5c6e9662f sp=0x000000b4ff5f6940 mode 2
Event: 18.476 Thread 0x000001d5dffcb000 Uncommon trap: trap_request=0xffffff4d fr.pc=0x000001d5ce94bc54 relative=0x0000000000000034
Event: 18.476 Thread 0x000001d5dffcb000 Uncommon trap: reason=unstable_if action=reinterpret pc=0x000001d5ce94bc54 method=java.lang.StringLatin1.canEncode(I)Z @ 4 c2
Event: 18.476 Thread 0x000001d5dffcb000 DEOPT PACKING pc=0x000001d5ce94bc54 sp=0x000000b4ff5f6a10
Event: 18.476 Thread 0x000001d5dffcb000 DEOPT UNPACKING pc=0x000001d5c6e9662f sp=0x000000b4ff5f69a0 mode 2
Event: 18.476 Thread 0x000001d5dffcb000 Uncommon trap: trap_request=0xffffff4d fr.pc=0x000001d5ce98e9cc relative=0x000000000000048c
Event: 18.476 Thread 0x000001d5dffcb000 Uncommon trap: reason=unstable_if action=reinterpret pc=0x000001d5ce98e9cc method=java.lang.AbstractStringBuilder.putStringAt(ILjava/lang/String;)V @ 8 c2
Event: 18.476 Thread 0x000001d5dffcb000 DEOPT PACKING pc=0x000001d5ce98e9cc sp=0x000000b4ff5f6ae0
Event: 18.476 Thread 0x000001d5dffcb000 DEOPT UNPACKING pc=0x000001d5c6e9662f sp=0x000000b4ff5f6a40 mode 2
Event: 18.476 Thread 0x000001d5dffcb000 Uncommon trap: trap_request=0xffffff4d fr.pc=0x000001d5ce9745ec relative=0x00000000000000cc
Event: 18.476 Thread 0x000001d5dffcb000 Uncommon trap: reason=unstable_if action=reinterpret pc=0x000001d5ce9745ec method=java.lang.String.getBytes([BIB)V @ 5 c2
Event: 18.476 Thread 0x000001d5dffcb000 DEOPT PACKING pc=0x000001d5ce9745ec sp=0x000000b4ff5f69f0
Event: 18.476 Thread 0x000001d5dffcb000 DEOPT UNPACKING pc=0x000001d5c6e9662f sp=0x000000b4ff5f69b8 mode 2

Classes redefined (0 events):
No events

Internal exceptions (20 events):
Event: 14.511 Thread 0x000001d5dffcb000 Exception <a 'java/lang/ClassNotFoundException'{0x0000000086d17ac8}: org/gradle/api/internal/AbstractTaskCustomizer> (0x0000000086d17ac8) thrown at [./src/hotspot/share/classfile/systemDictionary.cpp, line 231]
Event: 14.517 Thread 0x000001d5dffcb000 Exception <a 'java/lang/ClassNotFoundException'{0x0000000086d8af48}: org/gradle/api/DefaultTaskCustomizer> (0x0000000086d8af48) thrown at [./src/hotspot/share/classfile/systemDictionary.cpp, line 231]
Event: 14.522 Thread 0x000001d5dffcb000 Exception <a 'java/lang/ClassNotFoundException'{0x0000000086c10fc0}: org/gradle/api/internal/ConventionTaskCustomizer> (0x0000000086c10fc0) thrown at [./src/hotspot/share/classfile/systemDictionary.cpp, line 231]
Event: 14.525 Thread 0x000001d5dffcb000 Exception <a 'java/lang/ClassNotFoundException'{0x0000000086c49768}: org/gradle/api/tasks/DeleteCustomizer> (0x0000000086c49768) thrown at [./src/hotspot/share/classfile/systemDictionary.cpp, line 231]
Event: 14.527 Thread 0x000001d5dffcb000 Exception <a 'java/lang/ClassNotFoundException'{0x0000000086c889e8}: org/gradle/api/tasks/Delete_DecoratedCustomizer> (0x0000000086c889e8) thrown at [./src/hotspot/share/classfile/systemDictionary.cpp, line 231]
Event: 14.572 Thread 0x000001d5dffcb000 Exception <a 'java/lang/ClassNotFoundException'{0x0000000086bb9e70}: build_2yfh36dkgt0oy7mm2yakldbabBeanInfo> (0x0000000086bb9e70) thrown at [./src/hotspot/share/classfile/systemDictionary.cpp, line 231]
Event: 14.572 Thread 0x000001d5dffcb000 Exception <a 'java/lang/ClassNotFoundException'{0x0000000086bc4e28}: build_2yfh36dkgt0oy7mm2yakldbabCustomizer> (0x0000000086bc4e28) thrown at [./src/hotspot/share/classfile/systemDictionary.cpp, line 231]
Event: 14.843 Thread 0x000001d5dffcb000 Exception <a 'java/lang/NoSuchMethodError'{0x0000000085bede60}: 'java.lang.Object java.lang.invoke.DirectMethodHandle$Holder.invokeStatic(java.lang.Object, java.lang.Object, java.lang.Object, java.lang.Object, int)'> (0x0000000085bede60) thrown at [./src/hotspot/share/interpreter/linkResolver.cpp, line 773]
Event: 14.843 Thread 0x000001d5dffcb000 Exception <a 'java/lang/NoSuchMethodError'{0x0000000085bf2858}: 'java.lang.Object java.lang.invoke.DirectMethodHandle$Holder.invokeSpecial(java.lang.Object, java.lang.Object, java.lang.Object, java.lang.Object, java.lang.Object, int)'> (0x0000000085bf2858) thrown at [./src/hotspot/share/interpreter/linkResolver.cpp, line 773]
Event: 14.844 Thread 0x000001d5dffcb000 Exception <a 'java/lang/NoSuchMethodError'{0x0000000085bf6e98}: 'java.lang.Object java.lang.invoke.Invokers$Holder.linkToTargetMethod(java.lang.Object, java.lang.Object, java.lang.Object, int, java.lang.Object)'> (0x0000000085bf6e98) thrown at [./src/hotspot/share/interpreter/linkResolver.cpp, line 773]
Event: 15.280 Thread 0x000001d5dffcb000 Exception <a 'java/lang/NoSuchMethodError'{0x0000000086533660}: 'java.lang.Object java.lang.invoke.DirectMethodHandle$Holder.invokeSpecial(java.lang.Object, java.lang.Object, int, int, java.lang.Object, java.lang.Object, java.lang.Object)'> (0x0000000086533660) thrown at [./src/hotspot/share/interpreter/linkResolver.cpp, line 773]
Event: 15.280 Thread 0x000001d5dffcb000 Exception <a 'java/lang/NoSuchMethodError'{0x0000000086537be0}: 'java.lang.Object java.lang.invoke.DelegatingMethodHandle$Holder.reinvoke_L(java.lang.Object, int, int, java.lang.Object, java.lang.Object, java.lang.Object)'> (0x0000000086537be0) thrown at [./src/hotspot/share/interpreter/linkResolver.cpp, line 773]
Event: 15.736 Thread 0x000001d5dffcb000 Exception <a 'java/lang/NoSuchMethodError'{0x0000000086db0ef0}: 'int java.lang.invoke.DirectMethodHandle$Holder.invokeInterface(java.lang.Object, java.lang.Object, java.lang.Object, java.lang.Object)'> (0x0000000086db0ef0) thrown at [./src/hotspot/share/interpreter/linkResolver.cpp, line 773]
Event: 16.174 Thread 0x000001d5dffcb000 Exception <a 'java/lang/NoSuchMethodError'{0x0000000085d1e4a8}: 'void java.lang.invoke.DirectMethodHandle$Holder.invokeInterface(java.lang.Object, java.lang.Object, java.lang.Object, java.lang.Object)'> (0x0000000085d1e4a8) thrown at [./src/hotspot/share/interpreter/linkResolver.cpp, line 773]
Event: 16.406 Thread 0x000001d5dffcb000 Exception <a 'java/lang/IncompatibleClassChangeError'{0x000000008697eab8}: Found class java.lang.Object, but interface was expected> (0x000000008697eab8) thrown at [./src/hotspot/share/interpreter/linkResolver.cpp, line 839]
Event: 16.491 Thread 0x000001d5dffcb000 Implicit null exception at 0x000001d5cecadbd4 to 0x000001d5cecaddb8
Event: 16.491 Thread 0x000001d5dffcb000 Implicit null exception at 0x000001d5cebad9e0 to 0x000001d5cebaf65c
Event: 16.598 Thread 0x000001d5dffcb000 Implicit null exception at 0x000001d5cea7828b to 0x000001d5cea78364
Event: 16.662 Thread 0x000001d5dffcb000 Implicit null exception at 0x000001d5cead902c to 0x000001d5cead91da
Event: 16.876 Thread 0x000001d5dffcb000 Exception <a 'sun/nio/fs/WindowsException'{0x00000000867fca38}> (0x00000000867fca38) thrown at [./src/hotspot/share/prims/jni.cpp, line 615]

Events (20 events):
Event: 18.490 loading class com/android/tools/build/jetifier/processor/transform/proguard/ProGuardClassSpecParser$bodyReplacers$7
Event: 18.490 loading class com/android/tools/build/jetifier/processor/transform/proguard/ProGuardClassSpecParser$bodyReplacers$7 done
Event: 18.492 loading class com/android/tools/build/jetifier/processor/transform/proguard/ProGuardClassSpecParser$bodyReplacers$8
Event: 18.492 loading class com/android/tools/build/jetifier/processor/transform/proguard/ProGuardClassSpecParser$bodyReplacers$8 done
Event: 18.492 loading class com/android/tools/build/jetifier/processor/transform/proguard/ProGuardClassSpecParser$bodyReplacers$9
Event: 18.492 loading class com/android/tools/build/jetifier/processor/transform/proguard/ProGuardClassSpecParser$bodyReplacers$9 done
Event: 18.494 loading class com/android/tools/build/jetifier/processor/transform/proguard/ProGuardClassSpecParser$bodyReplacers$10
Event: 18.494 loading class com/android/tools/build/jetifier/processor/transform/proguard/ProGuardClassSpecParser$bodyReplacers$10 done
Event: 18.496 loading class com/android/tools/build/jetifier/processor/transform/proguard/ProGuardClassSpecParser$bodyReplacers$11
Event: 18.496 loading class com/android/tools/build/jetifier/processor/transform/proguard/ProGuardClassSpecParser$bodyReplacers$11 done
Event: 18.497 loading class com/android/tools/build/jetifier/processor/transform/proguard/ProGuardClassSpecParser$bodyReplacers$12
Event: 18.497 loading class com/android/tools/build/jetifier/processor/transform/proguard/ProGuardClassSpecParser$bodyReplacers$12 done
Event: 18.498 loading class com/android/tools/build/jetifier/processor/transform/proguard/ProGuardClassFilterParser
Event: 18.498 loading class com/android/tools/build/jetifier/processor/transform/proguard/ProGuardClassFilterParser done
Event: 18.501 loading class com/android/tools/build/jetifier/processor/transform/proguard/ProGuardClassFilterParser$Companion
Event: 18.501 loading class com/android/tools/build/jetifier/processor/transform/proguard/ProGuardClassFilterParser$Companion done
Event: 18.520 loading class com/android/tools/build/jetifier/processor/transform/proguard/ProGuardClassFilterParser$replacer$1
Event: 18.520 loading class com/android/tools/build/jetifier/processor/transform/proguard/ProGuardClassFilterParser$replacer$1 done
Event: 18.523 loading class com/android/tools/build/jetifier/processor/com/android/tools/build/jetifier/processor/transform/java/JavaTransformer
Event: 18.523 loading class com/android/tools/build/jetifier/processor/com/android/tools/build/jetifier/processor/transform/java/JavaTransformer done


Dynamic libraries:
0x00007ff6cfef0000 - 0x00007ff6cfefa000 	D:\Program Files\Android\jre\bin\java.exe
0x00007ffb45bf0000 - 0x00007ffb45de5000 	C:\WINDOWS\SYSTEM32\ntdll.dll
0x00007ffb44ac0000 - 0x00007ffb44b7d000 	C:\WINDOWS\System32\KERNEL32.DLL
0x00007ffb43570000 - 0x00007ffb4383d000 	C:\WINDOWS\System32\KERNELBASE.dll
0x00007ffb43470000 - 0x00007ffb43570000 	C:\WINDOWS\System32\ucrtbase.dll
0x00007ffb34370000 - 0x00007ffb34389000 	D:\Program Files\Android\jre\bin\jli.dll
0x00007ffb44730000 - 0x00007ffb448d0000 	C:\WINDOWS\System32\USER32.dll
0x00007ffb43300000 - 0x00007ffb43322000 	C:\WINDOWS\System32\win32u.dll
0x00007ffb31400000 - 0x00007ffb3169a000 	C:\WINDOWS\WinSxS\amd64_microsoft.windows.common-controls_6595b64144ccf1df_6.0.19041.1110_none_60b5254171f9507e\COMCTL32.dll
0x00007ffb44f50000 - 0x00007ffb44f7a000 	C:\WINDOWS\System32\GDI32.dll
0x00007ffb43b30000 - 0x00007ffb43c3b000 	C:\WINDOWS\System32\gdi32full.dll
0x00007ffb43eb0000 - 0x00007ffb43f4e000 	C:\WINDOWS\System32\msvcrt.dll
0x00007ffb439d0000 - 0x00007ffb43a6d000 	C:\WINDOWS\System32\msvcp_win.dll
0x00007ffb34240000 - 0x00007ffb34257000 	D:\Program Files\Android\jre\bin\VCRUNTIME140.dll
0x00007ffb43ca0000 - 0x00007ffb43cd0000 	C:\WINDOWS\System32\IMM32.DLL
0x00007ffb340e0000 - 0x00007ffb3417d000 	D:\Program Files\Android\jre\bin\msvcp140.dll
0x00007ffad6390000 - 0x00007ffad6e65000 	D:\Program Files\Android\jre\bin\server\jvm.dll
0x00007ffb44b80000 - 0x00007ffb44c2e000 	C:\WINDOWS\System32\ADVAPI32.dll
0x00007ffb45550000 - 0x00007ffb455ec000 	C:\WINDOWS\System32\sechost.dll
0x00007ffb45a80000 - 0x00007ffb45ba5000 	C:\WINDOWS\System32\RPCRT4.dll
0x00007ffb45540000 - 0x00007ffb45548000 	C:\WINDOWS\System32\PSAPI.DLL
0x00007ffb3b550000 - 0x00007ffb3b559000 	C:\WINDOWS\SYSTEM32\WSOCK32.dll
0x00007ffb40650000 - 0x00007ffb40677000 	C:\WINDOWS\SYSTEM32\WINMM.dll
0x00007ffb391e0000 - 0x00007ffb391ea000 	C:\WINDOWS\SYSTEM32\VERSION.dll
0x00007ffb44ee0000 - 0x00007ffb44f4b000 	C:\WINDOWS\System32\WS2_32.dll
0x00007ffb41ba0000 - 0x00007ffb41bb2000 	C:\WINDOWS\SYSTEM32\kernel.appcore.dll
0x00007ffb3acc0000 - 0x00007ffb3acd1000 	D:\Program Files\Android\jre\bin\verify.dll
0x00007ffb41600000 - 0x00007ffb417e4000 	C:\WINDOWS\SYSTEM32\DBGHELP.DLL
0x00007ffb29660000 - 0x00007ffb2968c000 	C:\WINDOWS\SYSTEM32\dbgcore.DLL
0x00007ffb433e0000 - 0x00007ffb43462000 	C:\WINDOWS\System32\bcryptPrimitives.dll
0x00007ffb3ac90000 - 0x00007ffb3acb9000 	D:\Program Files\Android\jre\bin\java.dll
0x00007ffb3cd40000 - 0x00007ffb3cd4b000 	D:\Program Files\Android\jre\bin\jimage.dll
0x00007ffb33cf0000 - 0x00007ffb33d08000 	D:\Program Files\Android\jre\bin\zip.dll
0x00007ffb43f50000 - 0x00007ffb44694000 	C:\WINDOWS\System32\SHELL32.dll
0x00007ffb40d90000 - 0x00007ffb41524000 	C:\WINDOWS\SYSTEM32\windows.storage.dll
0x00007ffb456a0000 - 0x00007ffb459f4000 	C:\WINDOWS\System32\combase.dll
0x00007ffb42c90000 - 0x00007ffb42cbc000 	C:\WINDOWS\SYSTEM32\Wldp.dll
0x00007ffb455f0000 - 0x00007ffb4569d000 	C:\WINDOWS\System32\SHCORE.dll
0x00007ffb43cd0000 - 0x00007ffb43d25000 	C:\WINDOWS\System32\shlwapi.dll
0x00007ffb43240000 - 0x00007ffb4325f000 	C:\WINDOWS\SYSTEM32\profapi.dll
0x00007ffb33830000 - 0x00007ffb3384a000 	D:\Program Files\Android\jre\bin\net.dll
0x00007ffb39df0000 - 0x00007ffb39efa000 	C:\WINDOWS\SYSTEM32\WINHTTP.dll
0x00007ffb429a0000 - 0x00007ffb42a0a000 	C:\WINDOWS\system32\mswsock.dll
0x00007ffb30ed0000 - 0x00007ffb30ee4000 	D:\Program Files\Android\jre\bin\nio.dll
0x00007ffb3afb0000 - 0x00007ffb3afd7000 	C:\Users\rafae\.gradle\native\e1d6ef7f7dcc3fd88c89a11ec53ec762bb8ba0a96d01ffa2cd45eb1d1d8dd5c5\windows-amd64\native-platform.dll
0x00007ffb0dab0000 - 0x00007ffb0dbf4000 	C:\Users\rafae\.gradle\native\5664cfc778a61ccfe75a443a1ab52a65af34e5dc3c78e0209fed803814484fcb\windows-amd64\native-platform-file-events.dll
0x00007ffb3b250000 - 0x00007ffb3b25a000 	D:\Program Files\Android\jre\bin\management.dll
0x00007ffb3ac80000 - 0x00007ffb3ac8d000 	D:\Program Files\Android\jre\bin\management_ext.dll
0x00007ffb42b60000 - 0x00007ffb42b78000 	C:\WINDOWS\SYSTEM32\CRYPTSP.dll
0x00007ffb42330000 - 0x00007ffb42364000 	C:\WINDOWS\system32\rsaenh.dll
0x00007ffb43840000 - 0x00007ffb43867000 	C:\WINDOWS\System32\bcrypt.dll
0x00007ffb43200000 - 0x00007ffb4322e000 	C:\WINDOWS\SYSTEM32\USERENV.dll
0x00007ffb42b80000 - 0x00007ffb42b8c000 	C:\WINDOWS\SYSTEM32\CRYPTBASE.dll
0x00007ffb426a0000 - 0x00007ffb426db000 	C:\WINDOWS\SYSTEM32\IPHLPAPI.DLL
0x00007ffb44c30000 - 0x00007ffb44c38000 	C:\WINDOWS\System32\NSI.dll
0x00007ffb3b230000 - 0x00007ffb3b247000 	C:\WINDOWS\SYSTEM32\dhcpcsvc6.DLL
0x00007ffb3b210000 - 0x00007ffb3b22d000 	C:\WINDOWS\SYSTEM32\dhcpcsvc.DLL
0x00007ffb426f0000 - 0x00007ffb427bb000 	C:\WINDOWS\SYSTEM32\DNSAPI.dll

dbghelp: loaded successfully - version: 4.0.5 - missing functions: none
symbol engine: initialized successfully - sym options: 0x614 - pdb path: .;D:\Program Files\Android\jre\bin;C:\WINDOWS\SYSTEM32;C:\WINDOWS\WinSxS\amd64_microsoft.windows.common-controls_6595b64144ccf1df_6.0.19041.1110_none_60b5254171f9507e;D:\Program Files\Android\jre\bin\server;C:\Users\rafae\.gradle\native\e1d6ef7f7dcc3fd88c89a11ec53ec762bb8ba0a96d01ffa2cd45eb1d1d8dd5c5\windows-amd64;C:\Users\rafae\.gradle\native\5664cfc778a61ccfe75a443a1ab52a65af34e5dc3c78e0209fed803814484fcb\windows-amd64

VM Arguments:
jvm_args: --add-opens=java.base/java.util=ALL-UNNAMED --add-opens=java.base/java.lang=ALL-UNNAMED --add-opens=java.base/java.lang.invoke=ALL-UNNAMED --add-opens=java.base/java.util=ALL-UNNAMED --add-opens=java.prefs/java.util.prefs=ALL-UNNAMED --add-opens=java.prefs/java.util.prefs=ALL-UNNAMED --add-opens=java.base/java.nio.charset=ALL-UNNAMED --add-opens=java.base/java.net=ALL-UNNAMED --add-opens=java.base/java.util.concurrent.atomic=ALL-UNNAMED -Xmx2048m -Dfile.encoding=UTF-8 -Duser.country=GB -Duser.language=en -Duser.variant 
java_command: org.gradle.launcher.daemon.bootstrap.GradleDaemon 7.2
java_class_path (initial): C:\Users\rafae\.gradle\wrapper\dists\gradle-7.2-bin\2dnblmf4td7x66yl1d74lt32g\gradle-7.2\lib\gradle-launcher-7.2.jar
Launcher Type: SUN_STANDARD

[Global flags]
     intx CICompilerCount                          = 4                                         {product} {ergonomic}
     uint ConcGCThreads                            = 2                                         {product} {ergonomic}
     uint G1ConcRefinementThreads                  = 8                                         {product} {ergonomic}
   size_t G1HeapRegionSize                         = 1048576                                   {product} {ergonomic}
    uintx GCDrainStackTargetSize                   = 64                                        {product} {ergonomic}
   size_t InitialHeapSize                          = 117440512                                 {product} {ergonomic}
   size_t MarkStackSize                            = 4194304                                   {product} {ergonomic}
   size_t MaxHeapSize                              = 2147483648                                {product} {command line}
   size_t MaxNewSize                               = 1287651328                                {product} {ergonomic}
   size_t MinHeapDeltaBytes                        = 1048576                                   {product} {ergonomic}
    uintx NonNMethodCodeHeapSize                   = 5836300                                {pd product} {ergonomic}
    uintx NonProfiledCodeHeapSize                  = 122910970                              {pd product} {ergonomic}
    uintx ProfiledCodeHeapSize                     = 122910970                              {pd product} {ergonomic}
    uintx ReservedCodeCacheSize                    = 251658240                              {pd product} {ergonomic}
     bool SegmentedCodeCache                       = true                                      {product} {ergonomic}
     bool UseCompressedClassPointers               = true                                 {lp64_product} {ergonomic}
     bool UseCompressedOops                        = true                                 {lp64_product} {ergonomic}
     bool UseG1GC                                  = true                                      {product} {ergonomic}
     bool UseLargePagesIndividualAllocation        = false                                  {pd product} {ergonomic}

Logging:
Log output configuration:
 #0: stdout all=warning uptime,level,tags
 #1: stderr all=off uptime,level,tags

Environment Variables:
PATH=C:\Python310\Scripts\;C:\Python310\;C:\Program Files\Common Files\Oracle\Java\javapath;C:\Program Files (x86)\Common Files\Oracle\Java\javapath;C:\WINDOWS\system32;C:\WINDOWS;C:\WINDOWS\System32\Wbem;C:\WINDOWS\System32\WindowsPowerShell\v1.0\;C:\WINDOWS\System32\OpenSSH\;C:\Program Files\PuTTY\;C:\Program Files\Git\cmd;C:\Program Files\Azure Data Studio\bin;C:\Program Files\nodejs\;C:\ProgramData\chocolatey\bin;C:\Program Files\Java\jdk1.8.0_271\bin;C:\Users\rafae\AppData\Local\Programs\Microsoft VS Code\bin;C:\Users\rafae\AppData\Local\GitHubDesktop\bin;C:\Users\rafae\AppData\Local\Microsoft\WindowsApps;;C:\Program Files\Azure Data Studio\bin;C:\Users\rafae\AppData\Roaming\npm
USERNAME=rafae
OS=Windows_NT
PROCESSOR_IDENTIFIER=AMD64 Family 23 Model 24 Stepping 1, AuthenticAMD



---------------  S Y S T E M  ---------------

OS: Windows 10 , 64 bit Build 19041 (10.0.19041.1706)
OS uptime: 2 days 22:54 hours
Hyper-V role detected

CPU:total 8 (initial active 8) (8 cores per cpu, 2 threads per core) family 23 model 24 stepping 1 microcode 0x0, cmov, cx8, fxsr, mmx, sse, sse2, sse3, ssse3, sse4.1, sse4.2, popcnt, avx, avx2, aes, clmul, mmxext, 3dnowpref, lzcnt, sse4a, ht, tsc, tscinvbit, tscinv, bmi1, bmi2, adx, s

Memory: 4k page, system-wide physical 7103M (267M free)
TotalPageFile size 10103M (AvailPageFile size 4M)
current process WorkingSet (physical memory assigned to process): 325M, peak: 328M
current process commit charge ("private bytes"): 362M, peak: 364M

vm_info: OpenJDK 64-Bit Server VM (11.0.11+9-b60-7590822) for windows-amd64 JRE (11.0.11+9-b60-7590822), built on Jul 29 2021 21:43:44 by "builder" with MS VC++ 14.0 (VS2015)

END.
